<?xml version="1.0" encoding="UTF-8"?>
<!-- Generated by org.testng.reporters.JUnitReportReporter -->
<testsuite hostname="lin76001736" failures="0" tests="2" name="webapptestcases.CrmLoanApproval" time="0.199" errors="1" timestamp="2021-04-07T10:29:02 IST" skipped="1">
  <testcase classname="webapptestcases.CrmLoanApproval" name="magentoLoanSubmit" time="0.022">
    <error message="Can not find sheetName: &#039;Module1&#039; in file &#039;./TestData/WE_TestDataFile.xlsx&#039; " type="java.lang.Exception">
      <![CDATA[java.lang.Exception: Can not find sheetName: 'Module1' in file './TestData/WE_TestDataFile.xlsx' 
at excelClasses.DataProviderReader.getTableArray(DataProviderReader.java:24)
at excelClasses.ExcelUtils_SelGrid.setTestDataSelGrid(ExcelUtils_SelGrid.java:16)
at excelClasses.ExcelDataLoader.getMenuByTitle(ExcelDataLoader.java:22)
at excelClasses.MenuFactory.getMenuByTitle(MenuFactory.java:29)
at excelClasses.MenuFactory.getModule1MenuByTitle(MenuFactory.java:41)
at webapptestcases.CrmLoanApproval.magentoLoanSubmit(CrmLoanApproval.java:34)
at java.base/jdk.internal.reflect.NativeMethodAccessorImpl.invoke0(Native Method)
at java.base/jdk.internal.reflect.NativeMethodAccessorImpl.invoke(NativeMethodAccessorImpl.java:64)
at java.base/jdk.internal.reflect.DelegatingMethodAccessorImpl.invoke(DelegatingMethodAccessorImpl.java:43)
at java.base/java.lang.reflect.Method.invoke(Method.java:564)
at org.testng.internal.MethodInvocationHelper.invokeMethod(MethodInvocationHelper.java:132)
at org.testng.internal.TestInvoker.invokeMethod(TestInvoker.java:599)
at org.testng.internal.TestInvoker.retryFailed(TestInvoker.java:214)
at org.testng.internal.MethodRunner.runInSequence(MethodRunner.java:58)
at org.testng.internal.TestInvoker$MethodInvocationAgent.invoke(TestInvoker.java:822)
at org.testng.internal.TestInvoker.invokeTestMethods(TestInvoker.java:147)
at org.testng.internal.TestMethodWorker.invokeTestMethods(TestMethodWorker.java:146)
at org.testng.internal.TestMethodWorker.run(TestMethodWorker.java:128)
at java.base/java.util.ArrayList.forEach(ArrayList.java:1511)
at org.testng.TestRunner.privateRun(TestRunner.java:764)
at org.testng.TestRunner.run(TestRunner.java:585)
at org.testng.SuiteRunner.runTest(SuiteRunner.java:384)
at org.testng.SuiteRunner.runSequentially(SuiteRunner.java:378)
at org.testng.SuiteRunner.privateRun(SuiteRunner.java:337)
at org.testng.SuiteRunner.run(SuiteRunner.java:286)
at org.testng.SuiteRunnerWorker.runSuite(SuiteRunnerWorker.java:53)
at org.testng.SuiteRunnerWorker.run(SuiteRunnerWorker.java:96)
at org.testng.TestNG.runSuitesSequentially(TestNG.java:1218)
at org.testng.TestNG.runSuitesLocally(TestNG.java:1140)
at org.testng.TestNG.runSuites(TestNG.java:1069)
at org.testng.TestNG.run(TestNG.java:1037)
at org.testng.remote.AbstractRemoteTestNG.run(AbstractRemoteTestNG.java:115)
at org.testng.remote.RemoteTestNG.initAndRun(RemoteTestNG.java:251)
at org.testng.remote.RemoteTestNG.main(RemoteTestNG.java:77)
]]>
    </error>
  </testcase> <!-- magentoLoanSubmit -->
  <system-out/>
  <testcase classname="webapptestcases.CrmLoanApproval" name="magentoLoanSubmit" time="0.177">
    <skipped/>
  </testcase> <!-- magentoLoanSubmit -->
  <system-out/>
</testsuite> <!-- webapptestcases.CrmLoanApproval -->
