<?xml version="1.0" encoding="UTF-8"?>
<!-- Generated by org.testng.reporters.JUnitReportReporter -->
<testsuite hostname="lin76001736" failures="0" tests="5" name="farmerapptestcases.Farmer_LoanOrderFlowFac" time="0.008" errors="2" timestamp="2021-04-01T15:40:00 IST" skipped="3">
  <testcase classname="farmerapptestcases.Farmer_LoanOrderFlowFac" name="farmer_RequestItem" time="0.000">
    <skipped/>
  </testcase> <!-- farmer_RequestItem -->
  <system-out/>
  <testcase classname="farmerapptestcases.Farmer_LoanOrderFlowFac" name="farmer_AcceptOrder" time="0.000">
    <skipped/>
  </testcase> <!-- farmer_AcceptOrder -->
  <system-out/>
  <testcase classname="farmerapptestcases.Farmer_LoanOrderFlowFac" name="setEnvironmet" time="0.008">
    <error message="Cannot invoke &quot;io.appium.java_client.service.local.AppiumDriverLocalService.start()&quot; because &quot;utilities.ElementManager.service&quot; is null" type="java.lang.NullPointerException">
      <![CDATA[java.lang.NullPointerException: Cannot invoke "io.appium.java_client.service.local.AppiumDriverLocalService.start()" because "utilities.ElementManager.service" is null
at utilities.ElementManager.setEnvironmet(ElementManager.java:168)
at java.base/jdk.internal.reflect.NativeMethodAccessorImpl.invoke0(Native Method)
at java.base/jdk.internal.reflect.NativeMethodAccessorImpl.invoke(NativeMethodAccessorImpl.java:64)
at java.base/jdk.internal.reflect.DelegatingMethodAccessorImpl.invoke(DelegatingMethodAccessorImpl.java:43)
at java.base/java.lang.reflect.Method.invoke(Method.java:564)
at org.testng.internal.MethodInvocationHelper.invokeMethod(MethodInvocationHelper.java:132)
at org.testng.internal.MethodInvocationHelper.invokeMethodConsideringTimeout(MethodInvocationHelper.java:61)
at org.testng.internal.ConfigInvoker.invokeConfigurationMethod(ConfigInvoker.java:366)
at org.testng.internal.ConfigInvoker.invokeConfigurations(ConfigInvoker.java:320)
at org.testng.SuiteRunner.privateRun(SuiteRunner.java:327)
at org.testng.SuiteRunner.run(SuiteRunner.java:286)
at org.testng.SuiteRunnerWorker.runSuite(SuiteRunnerWorker.java:53)
at org.testng.SuiteRunnerWorker.run(SuiteRunnerWorker.java:96)
at org.testng.TestNG.runSuitesSequentially(TestNG.java:1218)
at org.testng.TestNG.runSuitesLocally(TestNG.java:1140)
at org.testng.TestNG.runSuites(TestNG.java:1069)
at org.testng.TestNG.run(TestNG.java:1037)
at org.testng.remote.AbstractRemoteTestNG.run(AbstractRemoteTestNG.java:115)
at org.testng.remote.RemoteTestNG.initAndRun(RemoteTestNG.java:251)
at org.testng.remote.RemoteTestNG.main(RemoteTestNG.java:77)
]]>
    </error>
  </testcase> <!-- setEnvironmet -->
  <system-out/>
  <testcase classname="farmerapptestcases.Farmer_LoanOrderFlowFac" name="clearEnvironment" time="0.000">
    <error message="Cannot invoke &quot;io.appium.java_client.service.local.AppiumDriverLocalService.stop()&quot; because &quot;utilities.ElementManager.service&quot; is null" type="java.lang.NullPointerException">
      <![CDATA[java.lang.NullPointerException: Cannot invoke "io.appium.java_client.service.local.AppiumDriverLocalService.stop()" because "utilities.ElementManager.service" is null
at utilities.ElementManager.clearEnvironment(ElementManager.java:182)
at java.base/jdk.internal.reflect.NativeMethodAccessorImpl.invoke0(Native Method)
at java.base/jdk.internal.reflect.NativeMethodAccessorImpl.invoke(NativeMethodAccessorImpl.java:64)
at java.base/jdk.internal.reflect.DelegatingMethodAccessorImpl.invoke(DelegatingMethodAccessorImpl.java:43)
at java.base/java.lang.reflect.Method.invoke(Method.java:564)
at org.testng.internal.MethodInvocationHelper.invokeMethod(MethodInvocationHelper.java:132)
at org.testng.internal.MethodInvocationHelper.invokeMethodConsideringTimeout(MethodInvocationHelper.java:61)
at org.testng.internal.ConfigInvoker.invokeConfigurationMethod(ConfigInvoker.java:366)
at org.testng.internal.ConfigInvoker.invokeConfigurations(ConfigInvoker.java:320)
at org.testng.SuiteRunner.privateRun(SuiteRunner.java:351)
at org.testng.SuiteRunner.run(SuiteRunner.java:286)
at org.testng.SuiteRunnerWorker.runSuite(SuiteRunnerWorker.java:53)
at org.testng.SuiteRunnerWorker.run(SuiteRunnerWorker.java:96)
at org.testng.TestNG.runSuitesSequentially(TestNG.java:1218)
at org.testng.TestNG.runSuitesLocally(TestNG.java:1140)
at org.testng.TestNG.runSuites(TestNG.java:1069)
at org.testng.TestNG.run(TestNG.java:1037)
at org.testng.remote.AbstractRemoteTestNG.run(AbstractRemoteTestNG.java:115)
at org.testng.remote.RemoteTestNG.initAndRun(RemoteTestNG.java:251)
at org.testng.remote.RemoteTestNG.main(RemoteTestNG.java:77)
]]>
    </error>
  </testcase> <!-- clearEnvironment -->
  <system-out/>
  <testcase classname="farmerapptestcases.Farmer_LoanOrderFlowFac" name="getDeliveryCode" time="0.000">
    <skipped/>
  </testcase> <!-- getDeliveryCode -->
  <system-out/>
</testsuite> <!-- farmerapptestcases.Farmer_LoanOrderFlowFac -->
